<?xml version="1.0" encoding="UTF-8"?>
<!-- Generated by org.testng.reporters.JUnitReportReporter -->
<testsuite skipped="1" hostname="HPaf008ax" name="com.ecommerce.testCases.userRegistration" tests="2" failures="0" timestamp="2020-10-26T19:30:34 IST" time="4.649" errors="0">
  <testcase name="userRegister" time="4.649" classname="com.ecommerce.testCases.userRegistration"/>
  <system-out/>
  <testcase name="clickOnSignIn" classname="com.ecommerce.testCases.userRegistration">
    <skipped/>
  </testcase> <!-- clickOnSignIn -->
  <system-out/>
</testsuite> <!-- com.ecommerce.testCases.userRegistration -->
